#
# There is insufficient memory for the Java Runtime Environment to continue.
# Native memory allocation (mmap) failed to map 4194304 bytes for G1 virtual space
# Possible reasons:
#   The system is out of physical RAM or swap space
#   The process is running with CompressedOops enabled, and the Java Heap may be blocking the growth of the native heap
# Possible solutions:
#   Reduce memory load on the system
#   Increase physical memory or swap space
#   Check if swap backing store is full
#   Decrease Java heap size (-Xmx/-Xms)
#   Decrease number of Java threads
#   Decrease Java thread stack sizes (-Xss)
#   Set larger code cache with -XX:ReservedCodeCacheSize=
#   JVM is running with Zero Based Compressed Oops mode in which the Java heap is
#     placed in the first 32GB address space. The Java Heap base address is the
#     maximum limit for the native heap growth. Please use -XX:HeapBaseMinAddress
#     to set the Java Heap base and to place the Java Heap above 32GB virtual address.
# This output file may be truncated or incomplete.
#
#  Out of Memory Error (os_windows.cpp:3829), pid=8380, tid=3016
#
# JRE version:  (17.0.8+7) (build )
# Java VM: OpenJDK 64-Bit Server VM (17.0.8+7-b1000.8, mixed mode, sharing, tiered, compressed oops, compressed class ptrs, g1 gc, windows-amd64)
# No core dump will be written. Minidumps are not enabled by default on client versions of Windows
#

---------------  S U M M A R Y ------------

Command Line: git4idea.http.GitAskPassApp Username for 'https://github.com': 

Host: Intel(R) Core(TM) i5-10400F CPU @ 2.90GHz, 12 cores, 15G,  Windows 10 , 64 bit Build 19041 (10.0.19041.4597)
Time: Tue Aug  6 02:14:09 2024 Russia TZ 3 Standard Time elapsed time: 0.033955 seconds (0d 0h 0m 0s)

---------------  T H R E A D  ---------------

Current thread (0x000001b2ef5cf3a0):  JavaThread "Unknown thread" [_thread_in_vm, id=3016, stack(0x00000082b6200000,0x00000082b6300000)]

Stack: [0x00000082b6200000,0x00000082b6300000]
Native frames: (J=compiled Java code, j=interpreted, Vv=VM code, C=native code)
V  [jvm.dll+0x6852da]
V  [jvm.dll+0x844c84]
V  [jvm.dll+0x84659e]
V  [jvm.dll+0x846c03]
V  [jvm.dll+0x24b7cf]
V  [jvm.dll+0x682049]
V  [jvm.dll+0x67671a]
V  [jvm.dll+0x30be2b]
V  [jvm.dll+0x3132d6]
V  [jvm.dll+0x363058]
V  [jvm.dll+0x36325f]
V  [jvm.dll+0x2e1f48]
V  [jvm.dll+0x2e2eb4]
V  [jvm.dll+0x815c11]
V  [jvm.dll+0x370df1]
V  [jvm.dll+0x7f4fdc]
V  [jvm.dll+0x3f3f1f]
V  [jvm.dll+0x3f5b31]
C  [jli.dll+0x528f]
C  [ucrtbase.dll+0x21bb2]
C  [KERNEL32.DLL+0x17374]
C  [ntdll.dll+0x4cc91]


---------------  P R O C E S S  ---------------

Threads class SMR info:
_java_thread_list=0x00007ffce74e0098, length=0, elements={
}

Java Threads: ( => current thread )

Other Threads:
  0x000001b2ef63a6a0 GCTaskThread "GC Thread#0" [stack: 0x00000082b6300000,0x00000082b6400000] [id=2336]
  0x000001b2ef64b470 ConcurrentGCThread "G1 Main Marker" [stack: 0x00000082b6400000,0x00000082b6500000] [id=3620]
  0x000001b2ef64be80 ConcurrentGCThread "G1 Conc#0" [stack: 0x00000082b6500000,0x00000082b6600000] [id=10372]

[error occurred during error reporting (printing all threads), id 0xc0000005, EXCEPTION_ACCESS_VIOLATION (0xc0000005) at pc=0x00007ffce6c92ab7]

VM state: not at safepoint (not fully initialized)

VM Mutex/Monitor currently owned by a thread:  ([mutex/lock_event])
[0x000001b2ef5c7a50] Heap_lock - owner thread: 0x000001b2ef5cf3a0

Heap address: 0x0000000701800000, size: 4072 MB, Compressed Oops mode: Zero based, Oop shift amount: 3

CDS archive(s) mapped at: [0x0000000000000000-0x0000000000000000-0x0000000000000000), size 0, SharedBaseAddress: 0x0000000800000000, ArchiveRelocationMode: 1.
Narrow klass base: 0x0000000000000000, Narrow klass shift: 0, Narrow klass range: 0x0

GC Precious Log:
<Empty>

Heap:
 garbage-first heap   total 0K, used 0K [0x0000000701800000, 0x0000000800000000)
  region size 2048K, 0 young (0K), 0 survivors (0K)
 Metaspace       used 0K, committed 0K, reserved 0K
  class space    used 0K, committed 0K, reserved 0K

Heap Regions: E=young(eden), S=young(survivor), O=old, HS=humongous(starts), HC=humongous(continues), CS=collection set, F=free, OA=open archive, CA=closed archive, TAMS=top-at-mark-start (previous, next)

Card table byte_map: [0x000001b2f3a90000,0x000001b2f4290000] _byte_map_base: 0x000001b2f0284000

Marking Bits (Prev, Next): (CMBitMap*) 0x000001b2ef63acc0, (CMBitMap*) 0x000001b2ef63ad00
 Prev Bits: [0x000001b2f4a90000, 0x000001b2f8a30000)
 Next Bits: [0x000001b2f8a30000, 0x000001b2fc9d0000)

GC Heap History (0 events):
No events

Dll operation events (1 events):
Event: 0.016 Loaded shared library D:\IntelliJ IDEA Community Edition 2023.2.1\jbr\bin\java.dll

Deoptimization events (0 events):
No events

Classes unloaded (0 events):
No events

Classes redefined (0 events):
No events

Internal exceptions (0 events):
No events

VM Operations (0 events):
No events

Events (0 events):
No events


Dynamic libraries:
0x00007ff7d98d0000 - 0x00007ff7d98da000 	D:\IntelliJ IDEA Community Edition 2023.2.1\jbr\bin\java.exe
0x00007ffd2d5b0000 - 0x00007ffd2d7a8000 	C:\Windows\SYSTEM32\ntdll.dll
0x00007ffd2ccd0000 - 0x00007ffd2cd91000 	C:\Windows\System32\KERNEL32.DLL
0x00007ffd2aeb0000 - 0x00007ffd2b1a6000 	C:\Windows\System32\KERNELBASE.dll
0x00007ffd2b240000 - 0x00007ffd2b340000 	C:\Windows\System32\ucrtbase.dll
0x00007ffd0a5e0000 - 0x00007ffd0a5fb000 	D:\IntelliJ IDEA Community Edition 2023.2.1\jbr\bin\VCRUNTIME140.dll
0x00007ffd100c0000 - 0x00007ffd100d7000 	D:\IntelliJ IDEA Community Edition 2023.2.1\jbr\bin\jli.dll
0x00007ffd2c220000 - 0x00007ffd2c3bf000 	C:\Windows\System32\USER32.dll
0x00007ffd2b490000 - 0x00007ffd2b4b2000 	C:\Windows\System32\win32u.dll
0x00007ffd20470000 - 0x00007ffd2070a000 	C:\Windows\WinSxS\amd64_microsoft.windows.common-controls_6595b64144ccf1df_6.0.19041.4355_none_60b8b9eb71f62e16\COMCTL32.dll
0x00007ffd2cda0000 - 0x00007ffd2cdcb000 	C:\Windows\System32\GDI32.dll
0x00007ffd2c5b0000 - 0x00007ffd2c64e000 	C:\Windows\System32\msvcrt.dll
0x00007ffd2b4c0000 - 0x00007ffd2b5d7000 	C:\Windows\System32\gdi32full.dll
0x00007ffd2ac60000 - 0x00007ffd2acfd000 	C:\Windows\System32\msvcp_win.dll
0x00007ffd2d410000 - 0x00007ffd2d43f000 	C:\Windows\System32\IMM32.DLL
0x00007ffd10100000 - 0x00007ffd1010c000 	D:\IntelliJ IDEA Community Edition 2023.2.1\jbr\bin\vcruntime140_1.dll
0x00007ffcf6160000 - 0x00007ffcf61ed000 	D:\IntelliJ IDEA Community Edition 2023.2.1\jbr\bin\msvcp140.dll
0x00007ffce69a0000 - 0x00007ffce7623000 	D:\IntelliJ IDEA Community Edition 2023.2.1\jbr\bin\server\jvm.dll
0x00007ffd2b5f0000 - 0x00007ffd2b6a0000 	C:\Windows\System32\ADVAPI32.dll
0x00007ffd2cfe0000 - 0x00007ffd2d080000 	C:\Windows\System32\sechost.dll
0x00007ffd2ceb0000 - 0x00007ffd2cfd3000 	C:\Windows\System32\RPCRT4.dll
0x00007ffd2b3f0000 - 0x00007ffd2b417000 	C:\Windows\System32\bcrypt.dll
0x00007ffd1b0f0000 - 0x00007ffd1b0f9000 	C:\Windows\SYSTEM32\WSOCK32.dll
0x00007ffd218a0000 - 0x00007ffd218c7000 	C:\Windows\SYSTEM32\WINMM.dll
0x00007ffd2cac0000 - 0x00007ffd2cb2b000 	C:\Windows\System32\WS2_32.dll
0x00007ffd25680000 - 0x00007ffd2568a000 	C:\Windows\SYSTEM32\VERSION.dll
0x00007ffd2a1e0000 - 0x00007ffd2a22b000 	C:\Windows\SYSTEM32\POWRPROF.dll
0x00007ffd2a050000 - 0x00007ffd2a062000 	C:\Windows\SYSTEM32\UMPDC.dll
0x00007ffd28a20000 - 0x00007ffd28a32000 	C:\Windows\SYSTEM32\kernel.appcore.dll
0x00007ffd25d60000 - 0x00007ffd25d6a000 	D:\IntelliJ IDEA Community Edition 2023.2.1\jbr\bin\jimage.dll
0x00007ffd20ed0000 - 0x00007ffd210b4000 	C:\Windows\SYSTEM32\DBGHELP.DLL
0x00007ffd0cc50000 - 0x00007ffd0cc84000 	C:\Windows\SYSTEM32\dbgcore.DLL
0x00007ffd2b1b0000 - 0x00007ffd2b232000 	C:\Windows\System32\bcryptPrimitives.dll
0x00007ffd13af0000 - 0x00007ffd13b15000 	D:\IntelliJ IDEA Community Edition 2023.2.1\jbr\bin\java.dll

dbghelp: loaded successfully - version: 4.0.5 - missing functions: none
symbol engine: initialized successfully - sym options: 0x614 - pdb path: .;D:\IntelliJ IDEA Community Edition 2023.2.1\jbr\bin;C:\Windows\SYSTEM32;C:\Windows\WinSxS\amd64_microsoft.windows.common-controls_6595b64144ccf1df_6.0.19041.4355_none_60b8b9eb71f62e16;D:\IntelliJ IDEA Community Edition 2023.2.1\jbr\bin\server

VM Arguments:
java_command: git4idea.http.GitAskPassApp Username for 'https://github.com': 
java_class_path (initial): D:/IntelliJ IDEA Community Edition 2023.2.1/plugins/vcs-git/lib/git4idea-rt.jar;D:/IntelliJ IDEA Community Edition 2023.2.1/lib/externalProcess-rt.jar
Launcher Type: SUN_STANDARD

[Global flags]
     intx CICompilerCount                          = 4                                         {product} {ergonomic}
     uint ConcGCThreads                            = 3                                         {product} {ergonomic}
     uint G1ConcRefinementThreads                  = 10                                        {product} {ergonomic}
   size_t G1HeapRegionSize                         = 2097152                                   {product} {ergonomic}
    uintx GCDrainStackTargetSize                   = 64                                        {product} {ergonomic}
   size_t InitialHeapSize                          = 268435456                                 {product} {ergonomic}
   size_t MarkStackSize                            = 4194304                                   {product} {ergonomic}
   size_t MaxHeapSize                              = 4269801472                                {product} {ergonomic}
   size_t MinHeapDeltaBytes                        = 2097152                                   {product} {ergonomic}
   size_t MinHeapSize                              = 8388608                                   {product} {ergonomic}
    uintx NonNMethodCodeHeapSize                   = 5839372                                {pd product} {ergonomic}
    uintx NonProfiledCodeHeapSize                  = 122909434                              {pd product} {ergonomic}
    uintx ProfiledCodeHeapSize                     = 122909434                              {pd product} {ergonomic}
    uintx ReservedCodeCacheSize                    = 251658240                              {pd product} {ergonomic}
     bool SegmentedCodeCache                       = true                                      {product} {ergonomic}
   size_t SoftMaxHeapSize                          = 4269801472                             {manageable} {ergonomic}
     bool UseCompressedClassPointers               = true                           {product lp64_product} {ergonomic}
     bool UseCompressedOops                        = true                           {product lp64_product} {ergonomic}
     bool UseG1GC                                  = true                                      {product} {ergonomic}
     bool UseLargePagesIndividualAllocation        = false                                  {pd product} {ergonomic}

Logging:
Log output configuration:
 #0: stdout all=warning uptime,level,tags
 #1: stderr all=off uptime,level,tags

Environment Variables:
JAVA_HOME=C:\Program Files\BellSoft\LibericaJDK-8\
PATH=C:\Program Files\Git\mingw64\libexec\git-core;C:\Program Files\Git\mingw64\libexec\git-core;C:\Program Files\Git\mingw64\bin;C:\Program Files\Git\usr\bin;C:\Users\Destiny\bin;C:\Program Files\Eclipse Adoptium\jre-17.0.12.7-hotspot\bin;C:\Program Files (x86)\Common Files\Oracle\Java\java8path;C:\Program Files (x86)\Common Files\Oracle\Java\javapath;C:\Program Files\BellSoft\LibericaJDK-8\bin;C:\Program Files\BellSoft\LibericaJDK-21\bin;C:\Windows\system32;C:\Windows;C:\Windows\System32\Wbem;C:\Windows\System32\WindowsPowerShell\v1.0;C:\Windows\System32\OpenSSH;C:\Program Files (x86)\NVIDIA Corporation\PhysX\Common;C:\Program Files\nodejs;C:\Program Files\dotnet;C:\Program Files\Git\cmd;C:\Program Files\Git LFS;C:\Program Files (x86)\ZeroTier\One;D:\WorldPainter;C:\Program Files\playit_gg\bin;C:\Program Files\NVIDIA Corporation\NVIDIA NvDLISR;C:\Users\Destiny\AppData\Local\Microsoft\WindowsApps;C:\Users\Destiny\AppData\Roaming\npm;C:\Users\Destiny\AppData\Local\Programs\Microsoft VS Code\bin;C:\Users\Destiny\.dotnet\tools;C:\PATH_Programs
USERNAME=Destiny
DISPLAY=:0.0
LC_ALL=en_US.UTF-8
TERM=xterm-256color
TMPDIR=C:\Users\Destiny\AppData\Local\Temp
OS=Windows_NT
PROCESSOR_IDENTIFIER=Intel64 Family 6 Model 165 Stepping 3, GenuineIntel
TMP=C:\Users\Destiny\AppData\Local\Temp
TEMP=C:\Users\Destiny\AppData\Local\Temp


JNI global refs:
JNI global refs: 0, weak refs: 0

JNI global refs memory usage: 0, weak refs: 0

OOME stack traces (most recent first):
Classloader memory used:


---------------  S Y S T E M  ---------------

OS:
 Windows 10 , 64 bit Build 19041 (10.0.19041.4597)
OS uptime: 4 days 10:56 hours

CPU: total 12 (initial active 12) (6 cores per cpu, 2 threads per core) family 6 model 165 stepping 3 microcode 0xf0, cx8, cmov, fxsr, ht, mmx, 3dnowpref, sse, sse2, sse3, ssse3, sse4.1, sse4.2, popcnt, lzcnt, tsc, tscinvbit, avx, avx2, aes, erms, clmul, bmi1, bmi2, adx, fma, vzeroupper, clflush, clflushopt
Processor Information for all 12 processors :
  Max Mhz: 2904, Current Mhz: 2904, Mhz Limit: 2904

Memory: 4k page, system-wide physical 16280M (3647M free)
TotalPageFile size 28280M (AvailPageFile size 64M)
current process WorkingSet (physical memory assigned to process): 11M, peak: 11M
current process commit charge ("private bytes"): 325M, peak: 328M

vm_info: OpenJDK 64-Bit Server VM (17.0.8+7-b1000.8) for windows-amd64 JRE (17.0.8+7-b1000.8), built on 2023-08-04 by "builduser" with MS VC++ 16.10 / 16.11 (VS2019)

END.
